<?xml version="1.0" encoding="UTF-8"?>
<!-- Generated by org.testng.reporters.JUnitXMLReporter -->
<testsuite ignored="0" hostname="Kop" failures="0" tests="5" name="Default test" time="56.581" errors="0" timestamp="2021-09-22T18:52:56 ICT">
  <testcase classname="com.zombieclothing.testCases.TC_LogInDDTTest_002" name="LogInDDT" time="10.645"/>
  <testcase classname="com.zombieclothing.testCases.TC_LogInDDTTest_002" name="LogInDDT" time="17.778"/>
  <testcase classname="com.zombieclothing.testCases.TC_LogInDDTTest_002" name="LogInDDT" time="10.613"/>
  <testcase classname="com.zombieclothing.testCases.TC_LogInDDTTest_002" name="LogInDDT" time="7.857"/>
  <testcase classname="com.zombieclothing.testCases.TC_LogInDDTTest_002" name="LogInDDT" time="9.008"/>
</testsuite> <!-- Default test -->
