<?xml version="1.0" encoding="UTF-8"?>
<!-- Generated by org.testng.reporters.JUnitXMLReporter -->
<testsuite ignored="2" hostname="Kop" failures="0" tests="1" name="Test" time="20.036" errors="0" timestamp="2021-11-05T18:42:10 ICT">
  <testcase classname="com.zombieclothing.testCases.TCs_SearchProduct" name="searchProductTest2" time="20.011"/>
  <testcase classname="com.zombieclothing.testCases.TCs_SearchProduct" name="searchProductTest1" time="0.0">
    <ignored/>
  </testcase> <!-- searchProductTest1 -->
  <testcase classname="com.zombieclothing.testCases.TCs_SearchProduct" name="searchProductTest3" time="0.0">
    <ignored/>
  </testcase> <!-- searchProductTest3 -->
</testsuite> <!-- Test -->
