<?xml version="1.0" encoding="UTF-8"?>
<!-- Generated by org.testng.reporters.JUnitXMLReporter -->
<testsuite ignored="14" hostname="Kop" failures="0" tests="1" name="Test" time="11.372" errors="0" timestamp="2021-10-14T17:08:23 ICT">
  <testcase classname="com.zombieclothing.testCases.TCs_SignUp" name="signUpTest1" time="11.346"/>
  <testcase classname="com.zombieclothing.testCases.TCs_SignUp" name="signUpTest9" time="0.0">
    <ignored/>
  </testcase> <!-- signUpTest9 -->
  <testcase classname="com.zombieclothing.testCases.TCs_SignUp" name="signUpTest12" time="0.0">
    <ignored/>
  </testcase> <!-- signUpTest12 -->
  <testcase classname="com.zombieclothing.testCases.TCs_SignUp" name="signUpTest2" time="0.0">
    <ignored/>
  </testcase> <!-- signUpTest2 -->
  <testcase classname="com.zombieclothing.testCases.TCs_SignUp" name="signUpTest3" time="0.0">
    <ignored/>
  </testcase> <!-- signUpTest3 -->
  <testcase classname="com.zombieclothing.testCases.TCs_SignUp" name="signUpTest4" time="0.0">
    <ignored/>
  </testcase> <!-- signUpTest4 -->
  <testcase classname="com.zombieclothing.testCases.TCs_SignUp" name="signUpTest6" time="0.0">
    <ignored/>
  </testcase> <!-- signUpTest6 -->
  <testcase classname="com.zombieclothing.testCases.TCs_SignUp" name="signUpTest7" time="0.0">
    <ignored/>
  </testcase> <!-- signUpTest7 -->
  <testcase classname="com.zombieclothing.testCases.TCs_SignUp" name="signUpTest8" time="0.0">
    <ignored/>
  </testcase> <!-- signUpTest8 -->
  <testcase classname="com.zombieclothing.testCases.TCs_SignUp" name="signUpTest13" time="0.0">
    <ignored/>
  </testcase> <!-- signUpTest13 -->
  <testcase classname="com.zombieclothing.testCases.TCs_SignUp" name="signUpTest15" time="0.0">
    <ignored/>
  </testcase> <!-- signUpTest15 -->
  <testcase classname="com.zombieclothing.testCases.TCs_SignUp" name="signUpTest14" time="0.0">
    <ignored/>
  </testcase> <!-- signUpTest14 -->
  <testcase classname="com.zombieclothing.testCases.TCs_SignUp" name="signUpTest5" time="0.0">
    <ignored/>
  </testcase> <!-- signUpTest5 -->
  <testcase classname="com.zombieclothing.testCases.TCs_SignUp" name="signUpTest11" time="0.0">
    <ignored/>
  </testcase> <!-- signUpTest11 -->
  <testcase classname="com.zombieclothing.testCases.TCs_SignUp" name="signUpTest10" time="0.0">
    <ignored/>
  </testcase> <!-- signUpTest10 -->
</testsuite> <!-- Test -->
