<?xml version="1.0" encoding="UTF-8"?>
<testng-results ignored="12" total="13" passed="1" failed="0" skipped="0">
  <reporter-output>
  </reporter-output>
  <suite started-at="2021-09-24T23:50:27 ICT" name="Suite" finished-at="2021-09-24T23:50:34 ICT" duration-ms="7318">
    <groups>
      <group name="Phu Kien">
        <method signature="TC_ViewProduct_001.viewKinhByProductType()[pri:0, instance:com.zombieclothing.testCases.TC_ViewProduct_001@60f7cc1d]" name="viewKinhByProductType" class="com.zombieclothing.testCases.TC_ViewProduct_001"/>
      </group> <!-- Phu Kien -->
      <group name="Kinh">
        <method signature="TC_ViewProduct_001.viewKinhByProductType()[pri:0, instance:com.zombieclothing.testCases.TC_ViewProduct_001@60f7cc1d]" name="viewKinhByProductType" class="com.zombieclothing.testCases.TC_ViewProduct_001"/>
      </group> <!-- Kinh -->
    </groups>
    <test started-at="2021-09-24T23:50:27 ICT" name="Test" finished-at="2021-09-24T23:50:34 ICT" duration-ms="7318">
      <class name="com.zombieclothing.testCases.TC_ViewProduct_001">
        <test-method signature="viewKinhByProductType()[pri:0, instance:com.zombieclothing.testCases.TC_ViewProduct_001@60f7cc1d]" started-at="2021-09-24T23:50:27 ICT" name="viewKinhByProductType" finished-at="2021-09-24T23:50:34 ICT" duration-ms="7286" status="PASS">
          <reporter-output>
          </reporter-output>
        </test-method> <!-- viewKinhByProductType -->
      </class> <!-- com.zombieclothing.testCases.TC_ViewProduct_001 -->
    </test> <!-- Test -->
  </suite> <!-- Suite -->
</testng-results>
