<?xml version="1.0" encoding="UTF-8"?>
<testng-results ignored="0" total="1" passed="1" failed="0" skipped="0">
  <reporter-output>
  </reporter-output>
  <suite started-at="2021-09-22T23:34:23 ICT" name="Default suite" finished-at="2021-09-22T23:34:28 ICT" duration-ms="4790">
    <groups>
    </groups>
    <test started-at="2021-09-22T23:34:23 ICT" name="Default test" finished-at="2021-09-22T23:34:28 ICT" duration-ms="4790">
      <class name="com.zombieclothing.testCases.TC_ViewProduct_001">
        <test-method signature="viewProductType()[pri:0, instance:com.zombieclothing.testCases.TC_ViewProduct_001@6c6c5427]" started-at="2021-09-22T23:34:23 ICT" name="viewProductType" finished-at="2021-09-22T23:34:28 ICT" duration-ms="4761" status="PASS">
          <reporter-output>
          </reporter-output>
        </test-method> <!-- viewProductType -->
      </class> <!-- com.zombieclothing.testCases.TC_ViewProduct_001 -->
    </test> <!-- Default test -->
  </suite> <!-- Default suite -->
</testng-results>
